<?xml version="1.0" encoding="UTF-8"?>
<testng-results ignored="0" total="5" passed="5" failed="0" skipped="0">
  <reporter-output>
  </reporter-output>
  <suite started-at="2022-04-14T16:35:14 CDT" name="Default suite" finished-at="2022-04-14T16:35:15 CDT" duration-ms="185">
    <groups>
    </groups>
    <test started-at="2022-04-14T16:35:14 CDT" name="Default test" finished-at="2022-04-14T16:35:15 CDT" duration-ms="185">
      <class name="TestNGPackage.Script">
        <test-method is-config="true" signature="beforeClassTest()[pri:0, instance:TestNGPackage.Script@247d8ae]" started-at="2022-04-14T16:35:14 CDT" name="beforeClassTest" finished-at="2022-04-14T16:35:15 CDT" duration-ms="17" status="PASS">
          <reporter-output>
          </reporter-output>
        </test-method> <!-- beforeClassTest -->
        <test-method signature="firstmethod()[pri:0, instance:TestNGPackage.Script@247d8ae]" started-at="2022-04-14T16:35:15 CDT" name="firstmethod" finished-at="2022-04-14T16:35:15 CDT" duration-ms="12" status="PASS">
          <reporter-output>
          </reporter-output>
        </test-method> <!-- firstmethod -->
        <test-method signature="secondtmethod()[pri:1, instance:TestNGPackage.Script@247d8ae]" started-at="2022-04-14T16:35:15 CDT" name="secondtmethod" finished-at="2022-04-14T16:35:15 CDT" duration-ms="6" status="PASS">
          <reporter-output>
          </reporter-output>
        </test-method> <!-- secondtmethod -->
        <test-method signature="thirdmethod()[pri:2, instance:TestNGPackage.Script@247d8ae]" started-at="2022-04-14T16:35:15 CDT" name="thirdmethod" finished-at="2022-04-14T16:35:15 CDT" duration-ms="15" status="PASS">
          <reporter-output>
          </reporter-output>
        </test-method> <!-- thirdmethod -->
        <test-method signature="fourthmethod()[pri:3, instance:TestNGPackage.Script@247d8ae]" started-at="2022-04-14T16:35:15 CDT" name="fourthmethod" finished-at="2022-04-14T16:35:15 CDT" duration-ms="7" status="PASS">
          <reporter-output>
          </reporter-output>
        </test-method> <!-- fourthmethod -->
        <test-method signature="fifthmethod()[pri:4, instance:TestNGPackage.Script@247d8ae]" started-at="2022-04-14T16:35:15 CDT" name="fifthmethod" finished-at="2022-04-14T16:35:15 CDT" duration-ms="3" status="PASS">
          <reporter-output>
          </reporter-output>
        </test-method> <!-- fifthmethod -->
        <test-method is-config="true" signature="afterClassTest()[pri:0, instance:TestNGPackage.Script@247d8ae]" started-at="2022-04-14T16:35:15 CDT" name="afterClassTest" finished-at="2022-04-14T16:35:15 CDT" duration-ms="1" status="PASS">
          <reporter-output>
          </reporter-output>
        </test-method> <!-- afterClassTest -->
      </class> <!-- TestNGPackage.Script -->
    </test> <!-- Default test -->
  </suite> <!-- Default suite -->
</testng-results>
