<?xml version="1.0" encoding="UTF-8"?>
<!-- Generated by org.testng.reporters.JUnitXMLReporter -->
<testsuite ignored="2" hostname="DESKTOP-COP4EET" failures="0" tests="2" name="TestNG Scripts" time="0.141" errors="0" timestamp="2022-04-14T16:10:40 CDT">
  <testcase classname="TestNGPackage.AnnotationsTest" name="a" time="0.012"/>
  <testcase classname="TestNGPackage.AnnotationsTest" name="c" time="0.003"/>
  <testcase classname="TestNGPackage.FirstTestNGScript" name="login" time="0.0">
    <ignored/>
  </testcase> <!-- login -->
  <testcase classname="TestNGPackage.AnnotationsTest" name="b" time="0.0">
    <ignored/>
  </testcase> <!-- b -->
</testsuite> <!-- TestNG Scripts -->
