<?xml version="1.0" encoding="UTF-8"?>
<!-- Generated by org.testng.reporters.JUnitXMLReporter -->
<testsuite ignored="0" hostname="DESKTOP-COP4EET" failures="0" tests="5" name="Default test" time="0.185" errors="0" timestamp="2022-04-14T16:35:15 CDT">
  <testcase classname="TestNGPackage.Script" name="firstmethod" time="0.012"/>
  <testcase classname="TestNGPackage.Script" name="secondtmethod" time="0.006"/>
  <testcase classname="TestNGPackage.Script" name="thirdmethod" time="0.015"/>
  <testcase classname="TestNGPackage.Script" name="fourthmethod" time="0.007"/>
  <testcase classname="TestNGPackage.Script" name="fifthmethod" time="0.003"/>
</testsuite> <!-- Default test -->
